<?xml version="1.0" encoding="UTF-8"?>
<!-- Generated by org.testng.reporters.JUnitXMLReporter -->
<testsuite ignored="2" hostname="WSAMZN-TODT6IB0" failures="0" tests="1" name="Default test" time="0.299" errors="0" timestamp="2023-06-08T15:24:45 IST">
  <testcase classname="com.ll.idea.wfs.suite.TestWFSCRUDUIPagecountThresholdSuite" name="@BeforeSuite doSetUp" time="2.789">
    <failure type="java.lang.NullPointerException" message="Cannot invoke &amp;quot;java.sql.Connection.prepareStatement(String)&amp;quot; because &amp;quot;connection&amp;quot; is null">
      <![CDATA[java.lang.NullPointerException: Cannot invoke "java.sql.Connection.prepareStatement(String)" because "connection" is null
at com.ll.idea.masterdata.manager.IdeaMasterDataManager.loadDocumentTypesTable(IdeaMasterDataManager.java:34)
at com.ll.idea.wfs.suite.TestWFSCRUDUIPagecountThresholdSuite.doSetUp(TestWFSCRUDUIPagecountThresholdSuite.java:72)
at java.base/jdk.internal.reflect.DirectMethodHandleAccessor.invoke(DirectMethodHandleAccessor.java:104)
at java.base/java.lang.reflect.Method.invoke(Method.java:578)
at org.testng.internal.MethodInvocationHelper.invokeMethod(MethodInvocationHelper.java:132)
at org.testng.internal.MethodInvocationHelper.invokeMethodConsideringTimeout(MethodInvocationHelper.java:61)
at org.testng.internal.ConfigInvoker.invokeConfigurationMethod(ConfigInvoker.java:366)
at org.testng.internal.ConfigInvoker.invokeConfigurations(ConfigInvoker.java:320)
at org.testng.SuiteRunner.privateRun(SuiteRunner.java:327)
at org.testng.SuiteRunner.run(SuiteRunner.java:286)
at org.testng.SuiteRunnerWorker.runSuite(SuiteRunnerWorker.java:53)
at org.testng.SuiteRunnerWorker.run(SuiteRunnerWorker.java:96)
at org.testng.TestNG.runSuitesSequentially(TestNG.java:1218)
at org.testng.TestNG.runSuitesLocally(TestNG.java:1140)
at org.testng.TestNG.runSuites(TestNG.java:1069)
at org.testng.TestNG.run(TestNG.java:1037)
at org.testng.remote.AbstractRemoteTestNG.run(AbstractRemoteTestNG.java:115)
at org.testng.remote.RemoteTestNG.initAndRun(RemoteTestNG.java:251)
at org.testng.remote.RemoteTestNG.main(RemoteTestNG.java:77)
]]>
    </failure>
  </testcase> <!-- @BeforeSuite doSetUp -->
  <testcase classname="com.ll.idea.wfs.suite.TestWFSCRUDUIPagecountThresholdSuite" name="@BeforeMethod doBeforeMethod" time="-1.686218085659E9">
    <skipped/>
  </testcase> <!-- @BeforeMethod doBeforeMethod -->
  <testcase classname="com.ll.idea.wfs.suite.TestWFSCRUDUIPagecountThresholdSuite" name="@AfterMethod doAfterMethod" time="0.003">
    <failure type="java.lang.NullPointerException" message="Cannot invoke &amp;quot;com.ll.idea.reporting.ReportGenerator.endReport()&amp;quot; because &amp;quot;this.reportGenerator&amp;quot; is null">
      <![CDATA[java.lang.NullPointerException: Cannot invoke "com.ll.idea.reporting.ReportGenerator.endReport()" because "this.reportGenerator" is null
at com.ll.idea.wfs.suite.TestWFSCRUDUIPagecountThresholdSuite.doAfterMethod(TestWFSCRUDUIPagecountThresholdSuite.java:95)
at java.base/jdk.internal.reflect.DirectMethodHandleAccessor.invoke(DirectMethodHandleAccessor.java:104)
at java.base/java.lang.reflect.Method.invoke(Method.java:578)
at org.testng.internal.MethodInvocationHelper.invokeMethod(MethodInvocationHelper.java:132)
at org.testng.internal.MethodInvocationHelper.invokeMethodConsideringTimeout(MethodInvocationHelper.java:61)
at org.testng.internal.ConfigInvoker.invokeConfigurationMethod(ConfigInvoker.java:366)
at org.testng.internal.ConfigInvoker.invokeConfigurations(ConfigInvoker.java:320)
at org.testng.internal.TestInvoker.runConfigMethods(TestInvoker.java:701)
at org.testng.internal.TestInvoker.runAfterGroupsConfigurations(TestInvoker.java:677)
at org.testng.internal.TestInvoker.invokeMethod(TestInvoker.java:548)
at org.testng.internal.TestInvoker.invokeTestMethod(TestInvoker.java:174)
at org.testng.internal.MethodRunner.runInSequence(MethodRunner.java:46)
at org.testng.internal.TestInvoker$MethodInvocationAgent.invoke(TestInvoker.java:822)
at org.testng.internal.TestInvoker.invokeTestMethods(TestInvoker.java:147)
at org.testng.internal.TestMethodWorker.invokeTestMethods(TestMethodWorker.java:146)
at org.testng.internal.TestMethodWorker.run(TestMethodWorker.java:128)
at java.base/java.util.ArrayList.forEach(ArrayList.java:1511)
at org.testng.TestRunner.privateRun(TestRunner.java:764)
at org.testng.TestRunner.run(TestRunner.java:585)
at org.testng.SuiteRunner.runTest(SuiteRunner.java:384)
at org.testng.SuiteRunner.runSequentially(SuiteRunner.java:378)
at org.testng.SuiteRunner.privateRun(SuiteRunner.java:337)
at org.testng.SuiteRunner.run(SuiteRunner.java:286)
at org.testng.SuiteRunnerWorker.runSuite(SuiteRunnerWorker.java:53)
at org.testng.SuiteRunnerWorker.run(SuiteRunnerWorker.java:96)
at org.testng.TestNG.runSuitesSequentially(TestNG.java:1218)
at org.testng.TestNG.runSuitesLocally(TestNG.java:1140)
at org.testng.TestNG.runSuites(TestNG.java:1069)
at org.testng.TestNG.run(TestNG.java:1037)
at org.testng.remote.AbstractRemoteTestNG.run(AbstractRemoteTestNG.java:115)
at org.testng.remote.RemoteTestNG.initAndRun(RemoteTestNG.java:251)
at org.testng.remote.RemoteTestNG.main(RemoteTestNG.java:77)
]]>
    </failure>
  </testcase> <!-- @AfterMethod doAfterMethod -->
  <testcase classname="com.ll.idea.wfs.suite.TestWFSCRUDUIPagecountThresholdSuite" name="testImportLoanPagecountThrehsold" time="0.0">
    <skipped/>
  </testcase> <!-- testImportLoanPagecountThrehsold -->
  <testcase classname="com.ll.idea.wfs.suite.TestWFSCRUDUIPagecountThresholdSuite" name="TestPagination" time="0.0">
    <ignored/>
  </testcase> <!-- TestPagination -->
  <testcase classname="com.ll.idea.wfs.suite.TestWFSCRUDUIPagecountThresholdSuite" name="TestManagePagecountThreshold" time="0.0">
    <ignored/>
  </testcase> <!-- TestManagePagecountThreshold -->
</testsuite> <!-- Default test -->
